Copyright 1986-2022 Xilinx, Inc. All Rights Reserved. Copyright 2022-2023 Advanced Micro Devices, Inc. All Rights Reserved.
---------------------------------------------------------------------------------------------------------------------------------------------
| Tool Version : Vivado v.2023.1 (win64) Build 3865809 Sun May  7 15:05:29 MDT 2023
| Date         : Sat May 31 17:03:49 2025
| Host         : kyungho running 64-bit major release  (build 9200)
| Command      : report_control_sets -verbose -file soda_machine_seg10_sb_control_sets_placed.rpt
| Design       : soda_machine_seg10_sb
| Device       : xc7a35t
---------------------------------------------------------------------------------------------------------------------------------------------

Control Set Information

Table of Contents
-----------------
1. Summary
2. Histogram
3. Flip-Flop Distribution
4. Detailed Control Set Information

1. Summary
----------

+----------------------------------------------------------+-------+
|                          Status                          | Count |
+----------------------------------------------------------+-------+
| Total control sets                                       |     5 |
|    Minimum number of control sets                        |     5 |
|    Addition due to synthesis replication                 |     0 |
|    Addition due to physical synthesis replication        |     0 |
| Unused register locations in slices containing registers |    25 |
+----------------------------------------------------------+-------+
* Control sets can be merged at opt_design using control_set_merge or merge_equivalent_drivers
** Run report_qor_suggestions for automated merging and remapping suggestions


2. Histogram
------------

+--------------------+-------+
|       Fanout       | Count |
+--------------------+-------+
| Total control sets |     5 |
| >= 0 to < 4        |     3 |
| >= 4 to < 6        |     0 |
| >= 6 to < 8        |     0 |
| >= 8 to < 10       |     1 |
| >= 10 to < 12      |     0 |
| >= 12 to < 14      |     0 |
| >= 14 to < 16      |     0 |
| >= 16              |     1 |
+--------------------+-------+
* Control sets can be remapped at either synth_design or opt_design


3. Flip-Flop Distribution
-------------------------

+--------------+-----------------------+------------------------+-----------------+--------------+
| Clock Enable | Synchronous Set/Reset | Asynchronous Set/Reset | Total Registers | Total Slices |
+--------------+-----------------------+------------------------+-----------------+--------------+
| No           | No                    | No                     |               0 |            0 |
| No           | No                    | Yes                    |              30 |           10 |
| No           | Yes                   | No                     |               0 |            0 |
| Yes          | No                    | No                     |               1 |            1 |
| Yes          | No                    | Yes                    |               0 |            0 |
| Yes          | Yes                   | No                     |               8 |            2 |
+--------------+-----------------------+------------------------+-----------------+--------------+


4. Detailed Control Set Information
-----------------------------------

+--------------------+-------------------+------------------+------------------+----------------+--------------+
|    Clock Signal    |   Enable Signal   | Set/Reset Signal | Slice Load Count | Bel Load Count | Bels / Slice |
+--------------------+-------------------+------------------+------------------+----------------+--------------+
|  U1/out[1]         | U2/d_i_1_n_0      |                  |                1 |              1 |         1.00 |
|  U1/out[0]         |                   | reset_IBUF       |                1 |              2 |         2.00 |
|  U1/out[1]         |                   | reset_IBUF       |                2 |              3 |         1.50 |
|  U1/out[1]         | U2/tot[7]_i_2_n_0 | U2/tot0          |                2 |              8 |         4.00 |
|  sys_clk_IBUF_BUFG |                   | reset_IBUF       |                7 |             25 |         3.57 |
+--------------------+-------------------+------------------+------------------+----------------+--------------+


