
*** Running vivado
    with args -log seq_multipler_sb.vds -m64 -product Vivado -mode batch -messageDb vivado.pb -notrace -source seq_multipler_sb.tcl


ECHO가 설정되어 있지 않습니다.
ECHO가 설정되어 있지 않습니다.

****** Vivado v2023.1 (64-bit)
  **** SW Build 3865809 on Sun May  7 15:05:29 MDT 2023
  **** IP Build 3864474 on Sun May  7 20:36:21 MDT 2023
  **** SharedData Build 3865790 on Sun May 07 13:33:03 MDT 2023
    ** Copyright 1986-2022 Xilinx, Inc. All Rights Reserved.
    ** Copyright 2022-2023 Advanced Micro Devices, Inc. All Rights Reserved.

source seq_multipler_sb.tcl -notrace
create_project: Time (s): cpu = 00:00:07 ; elapsed = 00:00:08 . Memory (MB): peak = 467.375 ; gain = 196.906
Command: read_checkpoint -auto_incremental -incremental C:/Users/sleep/handsOn_basys3_multiplier/handsOn_basys3_multiplier.srcs/utils_1/imports/synth_1/seq_multipler_sb.dcp
INFO: [Vivado 12-5825] Read reference checkpoint from C:/Users/sleep/handsOn_basys3_multiplier/handsOn_basys3_multiplier.srcs/utils_1/imports/synth_1/seq_multipler_sb.dcp for incremental synthesis
INFO: [Vivado 12-7989] Please ensure there are no constraint changes
Command: synth_design -top seq_multipler_sb -part xc7a35tcpg236-1
Starting synth_design
Attempting to get a license for feature 'Synthesis' and/or device 'xc7a35t'
INFO: [Common 17-349] Got license for feature 'Synthesis' and/or device 'xc7a35t'
INFO: [Device 21-403] Loading part xc7a35tcpg236-1
INFO: [Designutils 20-5440] No compile time benefit to using incremental synthesis; A full resynthesis will be run
INFO: [Designutils 20-4379] Flow is switching to default flow due to incremental criteria not met. If you would like to alter this behaviour and have the flow terminate instead, please set the following parameter config_implementation {autoIncr.Synth.RejectBehavior Terminate}
INFO: [Synth 8-7079] Multithreading enabled for synth_design using a maximum of 2 processes.
INFO: [Synth 8-7078] Launching helper process for spawning children vivado processes
INFO: [Synth 8-7075] Helper process launched with PID 5736
WARNING: [Synth 8-11065] parameter 'Init' becomes localparam in 'seq_multiplier' with formal parameter declaration list [C:/Users/sleep/Projects/Lecture_digital_circuit/SV_Code/seq_multiplier.sv:12]
WARNING: [Synth 8-11065] parameter 'Prep' becomes localparam in 'seq_multiplier' with formal parameter declaration list [C:/Users/sleep/Projects/Lecture_digital_circuit/SV_Code/seq_multiplier.sv:12]
WARNING: [Synth 8-11065] parameter 'AddN' becomes localparam in 'seq_multiplier' with formal parameter declaration list [C:/Users/sleep/Projects/Lecture_digital_circuit/SV_Code/seq_multiplier.sv:12]
WARNING: [Synth 8-11065] parameter 'Add' becomes localparam in 'seq_multiplier' with formal parameter declaration list [C:/Users/sleep/Projects/Lecture_digital_circuit/SV_Code/seq_multiplier.sv:12]
WARNING: [Synth 8-11065] parameter 'Shift' becomes localparam in 'seq_multiplier' with formal parameter declaration list [C:/Users/sleep/Projects/Lecture_digital_circuit/SV_Code/seq_multiplier.sv:12]
WARNING: [Synth 8-11065] parameter 'Finish' becomes localparam in 'seq_multiplier' with formal parameter declaration list [C:/Users/sleep/Projects/Lecture_digital_circuit/SV_Code/seq_multiplier.sv:12]
---------------------------------------------------------------------------------
Starting RTL Elaboration : Time (s): cpu = 00:00:04 ; elapsed = 00:00:04 . Memory (MB): peak = 1282.254 ; gain = 409.965
---------------------------------------------------------------------------------
INFO: [Synth 8-6157] synthesizing module 'seq_multipler_sb' [C:/Users/sleep/Projects/Lecture_digital_circuit/SV_Code/seq_multiplier_sb.sv:1]
INFO: [Synth 8-6157] synthesizing module 'clock_gen' [C:/Users/sleep/Projects/Lecture_digital_circuit/SV_Code/clock_gen.sv:1]
	Parameter N bound to: 0 - type: integer 
INFO: [Synth 8-6155] done synthesizing module 'clock_gen' (0#1) [C:/Users/sleep/Projects/Lecture_digital_circuit/SV_Code/clock_gen.sv:1]
INFO: [Synth 8-6157] synthesizing module 'seq_multiplier' [C:/Users/sleep/Projects/Lecture_digital_circuit/SV_Code/seq_multiplier.sv:1]
	Parameter W bound to: 8 - type: integer 
INFO: [Synth 8-155] case statement is not full and has no default [C:/Users/sleep/Projects/Lecture_digital_circuit/SV_Code/seq_multiplier.sv:23]
INFO: [Synth 8-155] case statement is not full and has no default [C:/Users/sleep/Projects/Lecture_digital_circuit/SV_Code/seq_multiplier.sv:35]
INFO: [Synth 8-6155] done synthesizing module 'seq_multiplier' (0#1) [C:/Users/sleep/Projects/Lecture_digital_circuit/SV_Code/seq_multiplier.sv:1]
INFO: [Synth 8-6157] synthesizing module 'bin2bcd_p' [C:/Users/sleep/Projects/Lecture_digital_circuit/SV_Code/bin2bcd_p.sv:1]
	Parameter W bound to: 16 - type: integer 
INFO: [Synth 8-6155] done synthesizing module 'bin2bcd_p' (0#1) [C:/Users/sleep/Projects/Lecture_digital_circuit/SV_Code/bin2bcd_p.sv:1]
WARNING: [Synth 8-689] width (20) of port connection 'bcd' does not match port width (21) of module 'bin2bcd_p' [C:/Users/sleep/Projects/Lecture_digital_circuit/SV_Code/seq_multiplier_sb.sv:18]
INFO: [Synth 8-6157] synthesizing module 'segment_16bit' [C:/Users/sleep/Projects/Lecture_digital_circuit/SV_Code/segment_16bit.sv:1]
INFO: [Synth 8-6155] done synthesizing module 'segment_16bit' (0#1) [C:/Users/sleep/Projects/Lecture_digital_circuit/SV_Code/segment_16bit.sv:1]
INFO: [Synth 8-6155] done synthesizing module 'seq_multipler_sb' (0#1) [C:/Users/sleep/Projects/Lecture_digital_circuit/SV_Code/seq_multiplier_sb.sv:1]
WARNING: [Synth 8-87] always_comb on 'next_state_reg' did not result in combinational logic [C:/Users/sleep/Projects/Lecture_digital_circuit/SV_Code/seq_multiplier.sv:24]
WARNING: [Synth 8-3917] design seq_multipler_sb has port led_out[3] driven by constant 0
---------------------------------------------------------------------------------
Finished RTL Elaboration : Time (s): cpu = 00:00:05 ; elapsed = 00:00:05 . Memory (MB): peak = 1375.281 ; gain = 502.992
---------------------------------------------------------------------------------
---------------------------------------------------------------------------------
Start Handling Custom Attributes
---------------------------------------------------------------------------------
---------------------------------------------------------------------------------
Finished Handling Custom Attributes : Time (s): cpu = 00:00:05 ; elapsed = 00:00:05 . Memory (MB): peak = 1375.281 ; gain = 502.992
---------------------------------------------------------------------------------
---------------------------------------------------------------------------------
Finished RTL Optimization Phase 1 : Time (s): cpu = 00:00:05 ; elapsed = 00:00:05 . Memory (MB): peak = 1375.281 ; gain = 502.992
---------------------------------------------------------------------------------
Netlist sorting complete. Time (s): cpu = 00:00:00 ; elapsed = 00:00:00.003 . Memory (MB): peak = 1375.281 ; gain = 0.000
INFO: [Project 1-570] Preparing netlist for logic optimization

Processing XDC Constraints
Initializing timing engine
Parsing XDC File [C:/Users/sleep/Projects/Lecture_digital_circuit/SV_Code/seq_multiplier_seg.xdc]
Finished Parsing XDC File [C:/Users/sleep/Projects/Lecture_digital_circuit/SV_Code/seq_multiplier_seg.xdc]
INFO: [Project 1-236] Implementation specific constraints were found while reading constraint file [C:/Users/sleep/Projects/Lecture_digital_circuit/SV_Code/seq_multiplier_seg.xdc]. These constraints will be ignored for synthesis but will be used in implementation. Impacted constraints are listed in the file [.Xil/seq_multipler_sb_propImpl.xdc].
Resolution: To avoid this warning, move constraints listed in [.Xil/seq_multipler_sb_propImpl.xdc] to another XDC file and exclude this new file from synthesis with the used_in_synthesis property (File Properties dialog in GUI) and re-run elaboration/synthesis.
Completed Processing XDC Constraints

Netlist sorting complete. Time (s): cpu = 00:00:00 ; elapsed = 00:00:00.001 . Memory (MB): peak = 1429.125 ; gain = 0.000
INFO: [Project 1-111] Unisim Transformation Summary:
No Unisim elements were transformed.

Constraint Validation Runtime : Time (s): cpu = 00:00:00 ; elapsed = 00:00:00.002 . Memory (MB): peak = 1429.125 ; gain = 0.000
INFO: [Designutils 20-5440] No compile time benefit to using incremental synthesis; A full resynthesis will be run
INFO: [Designutils 20-4379] Flow is switching to default flow due to incremental criteria not met. If you would like to alter this behaviour and have the flow terminate instead, please set the following parameter config_implementation {autoIncr.Synth.RejectBehavior Terminate}
---------------------------------------------------------------------------------
Finished Constraint Validation : Time (s): cpu = 00:00:10 ; elapsed = 00:00:10 . Memory (MB): peak = 1429.125 ; gain = 556.836
---------------------------------------------------------------------------------
---------------------------------------------------------------------------------
Start Loading Part and Timing Information
---------------------------------------------------------------------------------
Loading part: xc7a35tcpg236-1
---------------------------------------------------------------------------------
Finished Loading Part and Timing Information : Time (s): cpu = 00:00:10 ; elapsed = 00:00:10 . Memory (MB): peak = 1429.125 ; gain = 556.836
---------------------------------------------------------------------------------
---------------------------------------------------------------------------------
Start Applying 'set_property' XDC Constraints
---------------------------------------------------------------------------------
---------------------------------------------------------------------------------
Finished applying 'set_property' XDC Constraints : Time (s): cpu = 00:00:10 ; elapsed = 00:00:10 . Memory (MB): peak = 1429.125 ; gain = 556.836
---------------------------------------------------------------------------------
INFO: [Synth 8-802] inferred FSM for state register 'state_reg' in module 'seq_multiplier'
INFO: [Synth 8-802] inferred FSM for state register 'seg_state_reg' in module 'segment_16bit'
WARNING: [Synth 8-327] inferring latch for variable 'FSM_sequential_next_state_reg' [C:/Users/sleep/Projects/Lecture_digital_circuit/SV_Code/seq_multiplier.sv:24]
WARNING: [Synth 8-327] inferring latch for variable 'FSM_onehot_next_state_reg' [C:/Users/sleep/Projects/Lecture_digital_circuit/SV_Code/seq_multiplier.sv:24]
---------------------------------------------------------------------------------------------------
                   State |                     New Encoding |                Previous Encoding 
---------------------------------------------------------------------------------------------------
                    Init |                              000 |                              000
                    Prep |                              001 |                              001
                    AddN |                              010 |                              010
                     Add |                              011 |                              011
                   Shift |                              100 |                              100
                  Finish |                              101 |                              101
---------------------------------------------------------------------------------------------------
INFO: [Synth 8-3354] encoded FSM with state register 'state_reg' using encoding 'sequential' in module 'seq_multiplier'
WARNING: [Synth 8-327] inferring latch for variable 'FSM_sequential_next_state_reg' [C:/Users/sleep/Projects/Lecture_digital_circuit/SV_Code/seq_multiplier.sv:24]
---------------------------------------------------------------------------------------------------
                   State |                     New Encoding |                Previous Encoding 
---------------------------------------------------------------------------------------------------
                 iSTATE0 |                               00 |                             1110
                 iSTATE1 |                               01 |                             1101
                 iSTATE2 |                               10 |                             1011
                  iSTATE |                               11 |                             0111
*
---------------------------------------------------------------------------------------------------
INFO: [Synth 8-3354] encoded FSM with state register 'seg_state_reg' using encoding 'sequential' in module 'segment_16bit'
---------------------------------------------------------------------------------
Finished RTL Optimization Phase 2 : Time (s): cpu = 00:00:10 ; elapsed = 00:00:11 . Memory (MB): peak = 1429.125 ; gain = 556.836
---------------------------------------------------------------------------------
---------------------------------------------------------------------------------
Start RTL Component Statistics 
---------------------------------------------------------------------------------
Detailed RTL Component Info : 
+---Adders : 
	   2 Input    9 Bit       Adders := 1     
	   2 Input    4 Bit       Adders := 35    
+---Registers : 
	               16 Bit    Registers := 1     
	                8 Bit    Registers := 3     
	                1 Bit    Registers := 2     
+---Muxes : 
	   6 Input   16 Bit        Muxes := 1     
	   6 Input    8 Bit        Muxes := 2     
	   5 Input    8 Bit        Muxes := 1     
	   2 Input    4 Bit        Muxes := 35    
	   4 Input    4 Bit        Muxes := 1     
	   6 Input    3 Bit        Muxes := 2     
	   2 Input    3 Bit        Muxes := 4     
	   8 Input    3 Bit        Muxes := 1     
	   4 Input    2 Bit        Muxes := 1     
	   6 Input    1 Bit        Muxes := 10    
	   2 Input    1 Bit        Muxes := 2     
---------------------------------------------------------------------------------
Finished RTL Component Statistics 
---------------------------------------------------------------------------------
---------------------------------------------------------------------------------
Start Part Resource Summary
---------------------------------------------------------------------------------
Part Resources:
DSPs: 90 (col length:60)
BRAMs: 100 (col length: RAMB18 60 RAMB36 30)
---------------------------------------------------------------------------------
Finished Part Resource Summary
---------------------------------------------------------------------------------
---------------------------------------------------------------------------------
Start Cross Boundary and Area Optimization
---------------------------------------------------------------------------------
WARNING: [Synth 8-7080] Parallel synthesis criteria is not met
WARNING: [Synth 8-3917] design seq_multipler_sb has port led_out[3] driven by constant 0
---------------------------------------------------------------------------------
Finished Cross Boundary and Area Optimization : Time (s): cpu = 00:00:18 ; elapsed = 00:00:18 . Memory (MB): peak = 1429.125 ; gain = 556.836
---------------------------------------------------------------------------------
---------------------------------------------------------------------------------
Start Applying XDC Timing Constraints
---------------------------------------------------------------------------------
---------------------------------------------------------------------------------
Finished Applying XDC Timing Constraints : Time (s): cpu = 00:00:22 ; elapsed = 00:00:23 . Memory (MB): peak = 1429.125 ; gain = 556.836
---------------------------------------------------------------------------------
---------------------------------------------------------------------------------
Start Timing Optimization
---------------------------------------------------------------------------------
---------------------------------------------------------------------------------
Finished Timing Optimization : Time (s): cpu = 00:00:22 ; elapsed = 00:00:23 . Memory (MB): peak = 1429.125 ; gain = 556.836
---------------------------------------------------------------------------------
---------------------------------------------------------------------------------
Start Technology Mapping
---------------------------------------------------------------------------------
---------------------------------------------------------------------------------
Finished Technology Mapping : Time (s): cpu = 00:00:22 ; elapsed = 00:00:23 . Memory (MB): peak = 1429.125 ; gain = 556.836
---------------------------------------------------------------------------------
---------------------------------------------------------------------------------
Start IO Insertion
---------------------------------------------------------------------------------
---------------------------------------------------------------------------------
Start Flattening Before IO Insertion
---------------------------------------------------------------------------------
---------------------------------------------------------------------------------
Finished Flattening Before IO Insertion
---------------------------------------------------------------------------------
---------------------------------------------------------------------------------
Start Final Netlist Cleanup
---------------------------------------------------------------------------------
---------------------------------------------------------------------------------
Finished Final Netlist Cleanup
---------------------------------------------------------------------------------
---------------------------------------------------------------------------------
Finished IO Insertion : Time (s): cpu = 00:00:25 ; elapsed = 00:00:26 . Memory (MB): peak = 1429.125 ; gain = 556.836
---------------------------------------------------------------------------------
---------------------------------------------------------------------------------
Start Renaming Generated Instances
---------------------------------------------------------------------------------
---------------------------------------------------------------------------------
Finished Renaming Generated Instances : Time (s): cpu = 00:00:25 ; elapsed = 00:00:26 . Memory (MB): peak = 1429.125 ; gain = 556.836
---------------------------------------------------------------------------------
---------------------------------------------------------------------------------
Start Rebuilding User Hierarchy
---------------------------------------------------------------------------------
---------------------------------------------------------------------------------
Finished Rebuilding User Hierarchy : Time (s): cpu = 00:00:25 ; elapsed = 00:00:26 . Memory (MB): peak = 1429.125 ; gain = 556.836
---------------------------------------------------------------------------------
---------------------------------------------------------------------------------
Start Renaming Generated Ports
---------------------------------------------------------------------------------
---------------------------------------------------------------------------------
Finished Renaming Generated Ports : Time (s): cpu = 00:00:25 ; elapsed = 00:00:26 . Memory (MB): peak = 1429.125 ; gain = 556.836
---------------------------------------------------------------------------------
---------------------------------------------------------------------------------
Start Handling Custom Attributes
---------------------------------------------------------------------------------
---------------------------------------------------------------------------------
Finished Handling Custom Attributes : Time (s): cpu = 00:00:25 ; elapsed = 00:00:26 . Memory (MB): peak = 1429.125 ; gain = 556.836
---------------------------------------------------------------------------------
---------------------------------------------------------------------------------
Start Renaming Generated Nets
---------------------------------------------------------------------------------
---------------------------------------------------------------------------------
Finished Renaming Generated Nets : Time (s): cpu = 00:00:25 ; elapsed = 00:00:26 . Memory (MB): peak = 1429.125 ; gain = 556.836
---------------------------------------------------------------------------------
---------------------------------------------------------------------------------
Start Writing Synthesis Report
---------------------------------------------------------------------------------

Report BlackBoxes: 
+-+--------------+----------+
| |BlackBox name |Instances |
+-+--------------+----------+
+-+--------------+----------+

Report Cell Usage: 
+------+-------+------+
|      |Cell   |Count |
+------+-------+------+
|1     |BUFG   |     2|
|2     |CARRY4 |    16|
|3     |LUT1   |    34|
|4     |LUT2   |    35|
|5     |LUT3   |    26|
|6     |LUT4   |    19|
|7     |LUT5   |    32|
|8     |LUT6   |    81|
|9     |FDCE   |    24|
|10    |FDRE   |    73|
|11    |FDSE   |     1|
|12    |LD     |     3|
|13    |IBUF   |    19|
|14    |OBUF   |    17|
+------+-------+------+
---------------------------------------------------------------------------------
Finished Writing Synthesis Report : Time (s): cpu = 00:00:25 ; elapsed = 00:00:26 . Memory (MB): peak = 1429.125 ; gain = 556.836
---------------------------------------------------------------------------------
Synthesis finished with 0 errors, 0 critical warnings and 5 warnings.
Synthesis Optimization Runtime : Time (s): cpu = 00:00:19 ; elapsed = 00:00:24 . Memory (MB): peak = 1429.125 ; gain = 502.992
Synthesis Optimization Complete : Time (s): cpu = 00:00:25 ; elapsed = 00:00:26 . Memory (MB): peak = 1429.125 ; gain = 556.836
INFO: [Project 1-571] Translating synthesized netlist
Netlist sorting complete. Time (s): cpu = 00:00:00 ; elapsed = 00:00:00.003 . Memory (MB): peak = 1433.270 ; gain = 0.000
INFO: [Netlist 29-17] Analyzing 19 Unisim elements for replacement
INFO: [Netlist 29-28] Unisim Transformation completed in 0 CPU seconds
INFO: [Project 1-570] Preparing netlist for logic optimization
INFO: [Opt 31-138] Pushed 0 inverter(s) to 0 load pin(s).
Netlist sorting complete. Time (s): cpu = 00:00:00 ; elapsed = 00:00:00 . Memory (MB): peak = 1436.883 ; gain = 0.000
INFO: [Project 1-111] Unisim Transformation Summary:
  A total of 3 instances were transformed.
  LD => LDCE: 3 instances

Synth Design complete | Checksum: f4dc4eba
INFO: [Common 17-83] Releasing license: Synthesis
37 Infos, 14 Warnings, 0 Critical Warnings and 0 Errors encountered.
synth_design completed successfully
synth_design: Time (s): cpu = 00:00:28 ; elapsed = 00:00:30 . Memory (MB): peak = 1436.883 ; gain = 944.668
INFO: [Common 17-1381] The checkpoint 'C:/Users/sleep/handsOn_basys3_multiplier/handsOn_basys3_multiplier.runs/synth_1/seq_multipler_sb.dcp' has been generated.
INFO: [runtcl-4] Executing : report_utilization -file seq_multipler_sb_utilization_synth.rpt -pb seq_multipler_sb_utilization_synth.pb
INFO: [Common 17-206] Exiting Vivado at Sat May 31 16:42:14 2025...
